<?xml version="1.0" encoding="UTF-8"?>
<!-- Generated by org.testng.reporters.JUnitReportReporter -->
<testsuite hostname="DESKTOP-FAMSL03" failures="0" tests="1" name="testCaseRepo.TC_005" time="50.656" errors="0" timestamp="2025-03-22T09:42:38 IST" skipped="0">
  <testcase classname="testCaseRepo.TC_005" name="CON_002" time="50.656">
    <system-out>
      <![CDATA[CON_002 On Test Start executed
CON_002 On Test Sucess executed]]>
    </system-out>
  </testcase> <!-- CON_002 -->
  <system-out>
    <![CDATA[LE_001 On Test Start executed
CON_001 On Test Start executed
CON_002 On Test Start executed
LE_001 On Test Failure executed
CON_001 On Test Sucess executed
CON_002 On Test Sucess executed]]>
  </system-out>
</testsuite> <!-- testCaseRepo.TC_005 -->
