<?xml version="1.0" encoding="UTF-8"?>
<!-- Generated by org.testng.reporters.JUnitReportReporter -->
<testsuite hostname="DESKTOP-FAMSL03" failures="0" tests="3" name="section3.TestNGPractice" time="0.040" errors="0" timestamp="2025-03-17T09:34:23 IST" skipped="1">
  <testcase classname="section3.TestNGPractice" name="deleteUser" time="0.030"/>
  <testcase classname="section3.TestNGPractice" name="modifyUser" time="0.010"/>
  <testcase classname="section3.TestNGPractice" name="createUser">
    <skipped/>
  </testcase> <!-- createUser -->
</testsuite> <!-- section3.TestNGPractice -->
