<?xml version="1.0" encoding="UTF-8"?>
<!-- Generated by org.testng.reporters.JUnitReportReporter -->
<testsuite hostname="DESKTOP-FAMSL03" failures="0" tests="2" name="testCaseRepo.TC_001Test" time="51.200" errors="0" timestamp="2025-03-26T10:06:43 IST" skipped="0">
  <testcase classname="testCaseRepo.TC_001Test" name="LE_001" time="47.704">
    <system-out>
      <![CDATA[LE_001 On Test Start executed
LE_001 On Test Sucess executed]]>
    </system-out>
  </testcase> <!-- LE_001 -->
  <testcase classname="testCaseRepo.TC_001Test" name="demo" time="3.496">
    <system-out>
      <![CDATA[demo On Test Start executed
demo On Test Sucess executed]]>
    </system-out>
  </testcase> <!-- demo -->
  <system-out>
    <![CDATA[LE_001 On Test Start executed
LE_001 On Test Sucess executed
demo On Test Start executed
demo On Test Sucess executed]]>
  </system-out>
</testsuite> <!-- testCaseRepo.TC_001Test -->
