<?xml version="1.0" encoding="UTF-8"?>
<!-- Generated by org.testng.reporters.JUnitReportReporter -->
<testsuite hostname="DESKTOP-FAMSL03" failures="0" tests="1" name="testCaseRepo.TC_005Test" time="22.560" errors="0" timestamp="2025-03-26T09:47:22 IST" skipped="0">
  <testcase classname="testCaseRepo.TC_005Test" name="CON_002" time="22.560">
    <system-out>
      <![CDATA[CON_002 On Test Start executed
CON_002 On Test Sucess executed]]>
    </system-out>
  </testcase> <!-- CON_002 -->
  <system-out>
    <![CDATA[LE_003 On Test Start executed
LE_003 On Test Sucess executed
LE_001 On Test Start executed
LE_001 On Test Sucess executed
demo On Test Start executed
demo On Test Sucess executed
LE_002 On Test Start executed
LE_002 On Test Sucess executed
LE_003 On Test Start executed
LE_003 On Test Sucess executed
LE_002 On Test Start executed
LE_002 On Test Sucess executed
CON_002 On Test Start executed
CON_002 On Test Sucess executed]]>
  </system-out>
</testsuite> <!-- testCaseRepo.TC_005Test -->
