<?xml version="1.0" encoding="UTF-8"?>
<!-- Generated by org.testng.reporters.JUnitReportReporter -->
<testsuite hostname="DESKTOP-FAMSL03" failures="0" tests="1" name="testCaseRepo.TC_006" time="35.258" errors="0" timestamp="2025-03-26T10:06:43 IST" skipped="0">
  <testcase classname="testCaseRepo.TC_006" name="CON_002" time="35.258"/>
  <system-out>
    <![CDATA[LE_001 On Test Start executed
LE_001 On Test Sucess executed
demo On Test Start executed
demo On Test Sucess executed]]>
  </system-out>
</testsuite> <!-- testCaseRepo.TC_006 -->
