<?xml version="1.0" encoding="UTF-8"?>
<!-- Generated by org.testng.reporters.JUnitReportReporter -->
<testsuite hostname="DESKTOP-FAMSL03" failures="0" tests="2" name="testCaseRepo.TC_003" time="40.914" errors="0" timestamp="2025-03-26T09:47:22 IST" skipped="0">
  <testcase classname="testCaseRepo.TC_003" name="LE_003" time="17.368">
    <system-out>
      <![CDATA[LE_003 On Test Start executed
LE_003 On Test Sucess executed]]>
    </system-out>
  </testcase> <!-- LE_003 -->
  <testcase classname="testCaseRepo.TC_003" name="LE_003" time="23.546">
    <system-out>
      <![CDATA[LE_003 On Test Start executed
LE_003 On Test Sucess executed]]>
    </system-out>
  </testcase> <!-- LE_003 -->
  <system-out>
    <![CDATA[LE_003 On Test Start executed
LE_003 On Test Sucess executed
LE_001 On Test Start executed
LE_001 On Test Sucess executed
demo On Test Start executed
demo On Test Sucess executed
LE_002 On Test Start executed
LE_002 On Test Sucess executed
LE_003 On Test Start executed
LE_003 On Test Sucess executed
LE_002 On Test Start executed
LE_002 On Test Sucess executed
CON_002 On Test Start executed
CON_002 On Test Sucess executed]]>
  </system-out>
</testsuite> <!-- testCaseRepo.TC_003 -->
