<?xml version="1.0" encoding="UTF-8"?>
<!-- Generated by org.testng.reporters.JUnitReportReporter -->
<testsuite hostname="DESKTOP-FAMSL03" failures="0" tests="2" name="testCaseRepo.TC_002" time="41.838" errors="0" timestamp="2025-03-26T09:47:22 IST" skipped="0">
  <testcase classname="testCaseRepo.TC_002" name="LE_002" time="21.584">
    <system-out>
      <![CDATA[LE_002 On Test Start executed
LE_002 On Test Sucess executed]]>
    </system-out>
  </testcase> <!-- LE_002 -->
  <testcase classname="testCaseRepo.TC_002" name="LE_002" time="20.254">
    <system-out>
      <![CDATA[LE_002 On Test Start executed
LE_002 On Test Sucess executed]]>
    </system-out>
  </testcase> <!-- LE_002 -->
  <system-out>
    <![CDATA[LE_003 On Test Start executed
LE_003 On Test Sucess executed
LE_001 On Test Start executed
LE_001 On Test Sucess executed
demo On Test Start executed
demo On Test Sucess executed
LE_002 On Test Start executed
LE_002 On Test Sucess executed
LE_003 On Test Start executed
LE_003 On Test Sucess executed
LE_002 On Test Start executed
LE_002 On Test Sucess executed
CON_002 On Test Start executed
CON_002 On Test Sucess executed]]>
  </system-out>
</testsuite> <!-- testCaseRepo.TC_002 -->
