<?xml version="1.0" encoding="UTF-8"?>
<!-- Generated by org.testng.reporters.JUnitReportReporter -->
<testsuite hostname="DESKTOP-FAMSL03" failures="0" tests="3" name="section3.TestNGPractice" time="0.019" errors="0" timestamp="2025-03-25T10:35:19 IST" skipped="1">
  <testcase classname="section3.TestNGPractice" name="deleteUser" time="0.017">
    <system-out>
      <![CDATA[deleteUser On Test Start executed
deleteUser On Test Sucess executed]]>
    </system-out>
  </testcase> <!-- deleteUser -->
  <testcase classname="section3.TestNGPractice" name="modifyUser" time="0.002">
    <system-out>
      <![CDATA[modifyUser On Test Start executed
modifyUser On Test Sucess executed]]>
    </system-out>
  </testcase> <!-- modifyUser -->
  <testcase classname="section3.TestNGPractice" name="createUser">
    <skipped/>
  </testcase> <!-- createUser -->
  <system-out>
    <![CDATA[deleteUser On Test Start executed
deleteUser On Test Sucess executed
modifyUser On Test Start executed
modifyUser On Test Sucess executed
LE_001 On Test Start executed
LE_001 On Test Failure executed]]>
  </system-out>
</testsuite> <!-- section3.TestNGPractice -->
